2024-11-07 10:07:21,845 - File created: Replica/file_7984.txt
2024-11-07 10:07:26,846 - File created: Source/file_8898.txt
2024-11-07 10:07:31,847 - File deleted: Source/file_8898.txt
2024-11-07 10:07:36,848 - No file to delete in Replica
2024-11-07 10:07:41,849 - No file to delete in Replica
2024-11-07 10:07:46,850 - File created: Source/file_5293.txt
2024-11-07 10:07:51,851 - File modified: Replica/file_5293.txt
2024-11-07 10:07:56,852 - File modified: Replica/file_5293.txt
2024-11-07 10:08:01,853 - File deleted: Replica/file_5293.txt
2024-11-07 10:08:06,862 - File created: Source/file_5370.txt
2024-11-07 10:08:11,863 - File deleted: Replica/file_5293.txt
2024-11-07 10:08:16,864 - File deleted: Replica/file_5370.txt
2024-11-07 10:08:21,865 - File created: Source/file_47.txt
2024-11-07 10:08:26,866 - File modified: Replica/file_5370.txt
2024-11-07 10:08:31,867 - File created: Replica/file_5427.txt
2024-11-07 10:08:36,868 - File deleted: Replica/file_5293.txt
2024-11-07 10:08:41,869 - File created: Replica/file_42.txt
2024-11-07 10:08:46,871 - File created: Replica/file_7498.txt
2024-11-07 10:08:51,872 - File deleted: Source/file_5370.txt
2024-11-07 10:08:56,873 - File modified: Replica/file_5293.txt
2024-11-07 10:09:01,875 - File created: Source/file_8572.txt
2024-11-07 10:09:06,876 - File created: Source/file_6552.txt
2024-11-07 10:09:11,877 - File created: Source/file_7041.txt
2024-11-07 10:09:16,879 - File modified: Source/file_7041.txt
2024-11-07 10:09:21,880 - File created: Replica/file_7762.txt
2024-11-07 10:09:26,881 - File deleted: Replica/file_6552.txt
2024-11-07 10:09:31,882 - File deleted: Replica/file_47.txt
2024-11-07 10:09:36,883 - File created: Replica/file_856.txt
2024-11-07 10:09:41,884 - File modified: Source/file_47.txt
2024-11-07 10:09:46,886 - File created: Source/file_5812.txt
2024-11-07 10:09:51,887 - File modified: Source/file_47.txt
2024-11-07 10:09:56,888 - File created: Replica/file_2814.txt
2024-11-07 10:10:01,889 - File created: Source/file_5838.txt
2024-11-07 10:10:06,891 - File created: Replica/file_3908.txt
2024-11-07 10:10:11,892 - File deleted: Replica/file_5293.txt
2024-11-07 10:10:16,893 - File created: Source/file_637.txt
2024-11-07 10:10:21,894 - File created: Replica/file_7649.txt
2024-11-07 10:10:26,896 - File deleted: Source/file_5838.txt
2024-11-07 10:10:31,897 - File created: Source/file_7906.txt
2024-11-07 10:10:36,898 - File modified: Replica/file_8572.txt
2024-11-07 10:10:41,898 - File deleted: Source/file_7041.txt
2024-11-07 10:10:46,900 - File modified: Replica/file_637.txt
2024-11-07 10:10:51,901 - File created: Replica/file_8466.txt
2024-11-07 10:10:56,902 - File created: Replica/file_4191.txt
2024-11-07 10:11:01,903 - File modified: Source/file_5812.txt
2024-11-07 10:11:06,911 - File modified: Replica/file_5293.txt
2024-11-07 10:11:11,912 - File deleted: Replica/file_5812.txt
2024-11-07 10:11:16,914 - File deleted: Source/file_637.txt
2024-11-07 10:11:21,914 - File modified: Replica/file_8572.txt
2024-11-07 10:11:26,915 - File deleted: Replica/file_7906.txt
